<?xml version="1.0" encoding="UTF-8"?>
<!-- Generated by org.testng.reporters.JUnitReportReporter -->
<testsuite hostname="DESKTOP-MC2CCNO" failures="0" tests="16" name="hust.cs.javacourse.search.query.HitTest" time="0.004" errors="0" timestamp="13 5æœˆ 2021 14:09:22 GMT" skipped="0">
  <testcase classname="hust.cs.javacourse.search.query.HitTest" name="testGetDocId" time="0.000"/>
  <testcase classname="hust.cs.javacourse.search.query.HitTest" name="testGetTermPostingMapping" time="0.001"/>
  <testcase classname="hust.cs.javacourse.search.query.HitTest" name="testTestToString" time="0.001"/>
  <testcase classname="hust.cs.javacourse.search.query.HitTest" name="testGetScore" time="0.000"/>
  <testcase classname="hust.cs.javacourse.search.query.HitTest" name="testGetTermPostingMapping" time="0.000"/>
  <testcase classname="hust.cs.javacourse.search.query.HitTest" name="testGetDocPath" time="0.000"/>
  <testcase classname="hust.cs.javacourse.search.query.HitTest" name="testGetContent" time="0.001"/>
  <testcase classname="hust.cs.javacourse.search.query.HitTest" name="testGetContent" time="0.000"/>
  <testcase classname="hust.cs.javacourse.search.query.HitTest" name="testSetContent" time="0.000"/>
  <testcase classname="hust.cs.javacourse.search.query.HitTest" name="testGetScore" time="0.000"/>
  <testcase classname="hust.cs.javacourse.search.query.HitTest" name="testGetDocId" time="0.000"/>
  <testcase classname="hust.cs.javacourse.search.query.HitTest" name="testGetDocPath" time="0.000"/>
  <testcase classname="hust.cs.javacourse.search.query.HitTest" name="testSetScore" time="0.000"/>
  <testcase classname="hust.cs.javacourse.search.query.HitTest" name="testSetScore" time="0.000"/>
  <testcase classname="hust.cs.javacourse.search.query.HitTest" name="testSetContent" time="0.000"/>
  <testcase classname="hust.cs.javacourse.search.query.HitTest" name="testCompareTo" time="0.001"/>
</testsuite> <!-- hust.cs.javacourse.search.query.HitTest -->
