<?xml version="1.0" encoding="UTF-8"?>
<!-- Generated by org.testng.reporters.JUnitReportReporter -->
<testsuite hostname="DESKTOP-MC2CCNO" failures="0" tests="2" name="hust.cs.javacourse.search.parse.TermTupleScannerTest" time="0.003" errors="0" timestamp="13 5æœˆ 2021 14:09:22 GMT" skipped="0">
  <testcase classname="hust.cs.javacourse.search.parse.TermTupleScannerTest" name="testNext" time="0.003"/>
  <testcase classname="hust.cs.javacourse.search.parse.TermTupleScannerTest" name="testNext" time="0.000"/>
</testsuite> <!-- hust.cs.javacourse.search.parse.TermTupleScannerTest -->
